<?xml version="1.0" encoding="UTF-8"?>
<!-- Generated by org.testng.reporters.JUnitXMLReporter -->
<testsuite ignored="1" hostname="DESKTOP-E097QFK" failures="0" tests="3" name="Test" time="54.784" errors="0" timestamp="2021-01-29T02:47:41 EET">
  <testcase classname="yalakoratesting.yalakoratesting.HomePage" name="CheckSearchFunctionality" time="7.059"/>
  <testcase classname="yalakoratesting.yalakoratesting.HomePage" name="Checkmoresports" time="3.505"/>
  <testcase classname="yalakoratesting.yalakoratesting.login" name="testloginpage" time="3.868"/>
  <testcase classname="yalakoratesting.yalakoratesting.HomePage" name="CheckActionOfYallaKora" time="0.0">
    <ignored/>
  </testcase> <!-- CheckActionOfYallaKora -->
</testsuite> <!-- Test -->
