<?xml version="1.0" encoding="UTF-8"?>
<!-- Generated by org.testng.reporters.JUnitXMLReporter -->
<testsuite ignored="0" hostname="DESKTOP-E097QFK" failures="0" tests="5" name="Test" time="135.066" errors="0" timestamp="2021-03-13T23:42:51 EET">
  <testcase classname="yalakoratesting.yalakoratesting.login" name="testloginpage" time="1.11"/>
  <testcase classname="yalakoratesting.yalakoratesting.login" name="testloginpage" time="4.597"/>
  <testcase classname="yalakoratesting.yalakoratesting.HomePage" name="CheckActionOfYallaKora" time="54.333"/>
  <testcase classname="yalakoratesting.yalakoratesting.HomePage" name="CheckSearchFunctionality" time="3.759"/>
  <testcase classname="yalakoratesting.yalakoratesting.HomePage" name="Checkmoresports" time="2.991"/>
</testsuite> <!-- Test -->
