<?xml version="1.0" encoding="UTF-8"?>
<testng-results ignored="0" total="5" passed="5" failed="0" skipped="0">
  <reporter-output>
  </reporter-output>
  <suite started-at="2021-03-13T23:40:36 EET" name="Suite" finished-at="2021-03-13T23:42:51 EET" duration-ms="135066">
    <groups>
    </groups>
    <test started-at="2021-03-13T23:40:36 EET" name="Test" finished-at="2021-03-13T23:42:51 EET" duration-ms="135066">
      <class name="yalakoratesting.yalakoratesting.HomePage">
        <test-method is-config="true" signature="setup()[pri:0, instance:yalakoratesting.yalakoratesting.HomePage@696da30b]" started-at="2021-03-13T23:41:15 EET" name="setup" finished-at="2021-03-13T23:41:50 EET" duration-ms="34816" status="PASS">
          <reporter-output>
          </reporter-output>
        </test-method> <!-- setup -->
        <test-method signature="CheckActionOfYallaKora()[pri:0, instance:yalakoratesting.yalakoratesting.HomePage@696da30b]" started-at="2021-03-13T23:41:50 EET" name="CheckActionOfYallaKora" finished-at="2021-03-13T23:42:44 EET" duration-ms="54333" status="PASS">
          <reporter-output>
          </reporter-output>
        </test-method> <!-- CheckActionOfYallaKora -->
        <test-method signature="CheckSearchFunctionality()[pri:0, instance:yalakoratesting.yalakoratesting.HomePage@696da30b]" started-at="2021-03-13T23:42:44 EET" name="CheckSearchFunctionality" finished-at="2021-03-13T23:42:48 EET" duration-ms="3759" status="PASS">
          <reporter-output>
          </reporter-output>
        </test-method> <!-- CheckSearchFunctionality -->
        <test-method signature="Checkmoresports()[pri:0, instance:yalakoratesting.yalakoratesting.HomePage@696da30b]" started-at="2021-03-13T23:42:48 EET" name="Checkmoresports" finished-at="2021-03-13T23:42:51 EET" duration-ms="2991" status="PASS">
          <reporter-output>
          </reporter-output>
        </test-method> <!-- Checkmoresports -->
        <test-method is-config="true" signature="close()[pri:0, instance:yalakoratesting.yalakoratesting.HomePage@696da30b]" started-at="2021-03-13T23:42:51 EET" name="close" finished-at="2021-03-13T23:42:51 EET" duration-ms="367" status="PASS">
          <reporter-output>
          </reporter-output>
        </test-method> <!-- close -->
      </class> <!-- yalakoratesting.yalakoratesting.HomePage -->
      <class name="yalakoratesting.yalakoratesting.login">
        <test-method is-config="true" signature="setup()[pri:0, instance:yalakoratesting.yalakoratesting.login@5fd4f8f5]" started-at="2021-03-13T23:40:36 EET" name="setup" finished-at="2021-03-13T23:41:09 EET" duration-ms="32565" status="PASS">
          <reporter-output>
          </reporter-output>
        </test-method> <!-- setup -->
        <test-method signature="testloginpage(java.lang.String, java.lang.String)[pri:1, instance:yalakoratesting.yalakoratesting.login@5fd4f8f5]" started-at="2021-03-13T23:41:09 EET" name="testloginpage" data-provider="mydata" finished-at="2021-03-13T23:41:10 EET" duration-ms="1110" status="PASS">
          <params>
            <param index="0">
              <value>
                <![CDATA[mngr30600]]>
              </value>
            </param>
            <param index="1">
              <value>
                <![CDATA[qUrEdu]]>
              </value>
            </param>
          </params>
          <reporter-output>
          </reporter-output>
        </test-method> <!-- testloginpage -->
        <test-method signature="testloginpage(java.lang.String, java.lang.String)[pri:1, instance:yalakoratesting.yalakoratesting.login@5fd4f8f5]" started-at="2021-03-13T23:41:10 EET" name="testloginpage" data-provider="mydata" finished-at="2021-03-13T23:41:15 EET" duration-ms="4597" status="PASS">
          <params>
            <param index="0">
              <value>
                <![CDATA[mngr30600]]>
              </value>
            </param>
            <param index="1">
              <value>
                <![CDATA[qUrEduz]]>
              </value>
            </param>
          </params>
          <reporter-output>
          </reporter-output>
        </test-method> <!-- testloginpage -->
        <test-method is-config="true" signature="close()[pri:0, instance:yalakoratesting.yalakoratesting.login@5fd4f8f5]" started-at="2021-03-13T23:41:15 EET" name="close" finished-at="2021-03-13T23:41:15 EET" duration-ms="465" status="PASS">
          <reporter-output>
          </reporter-output>
        </test-method> <!-- close -->
      </class> <!-- yalakoratesting.yalakoratesting.login -->
    </test> <!-- Test -->
  </suite> <!-- Suite -->
</testng-results>
